<?xml version="1.0" encoding="UTF-8"?>
<testng-results ignored="0" total="2" passed="2" failed="0" skipped="0">
  <reporter-output>
  </reporter-output>
  <suite started-at="2019-03-06T03:09:26Z" name="Default suite" finished-at="2019-03-06T03:09:37Z" duration-ms="10743">
    <groups>
    </groups>
    <test started-at="2019-03-06T03:09:26Z" name="Default test" finished-at="2019-03-06T03:09:37Z" duration-ms="10743">
      <class name="utils.ExcelDataProvider">
        <test-method is-config="true" signature="setup()[pri:0, instance:utils.ExcelDataProvider@f2ff811]" started-at="2019-03-06T03:09:26Z" name="setup" finished-at="2019-03-06T03:09:31Z" duration-ms="5020" status="PASS">
          <reporter-output>
          </reporter-output>
        </test-method> <!-- setup -->
        <test-method signature="test1(java.lang.String, java.lang.String)[pri:0, instance:utils.ExcelDataProvider@f2ff811]" started-at="2019-03-06T03:09:32Z" name="test1" data-provider="test1data" finished-at="2019-03-06T03:09:35Z" duration-ms="3021" status="PASS">
          <params>
            <param index="0">
              <value>
                <![CDATA[Admin]]>
              </value>
            </param>
            <param index="1">
              <value>
                <![CDATA[123]]>
              </value>
            </param>
          </params>
          <reporter-output>
          </reporter-output>
        </test-method> <!-- test1 -->
        <test-method signature="test1(java.lang.String, java.lang.String)[pri:0, instance:utils.ExcelDataProvider@f2ff811]" started-at="2019-03-06T03:09:35Z" name="test1" data-provider="test1data" finished-at="2019-03-06T03:09:37Z" duration-ms="1966" status="PASS">
          <params>
            <param index="0">
              <value>
                <![CDATA[Anshul]]>
              </value>
            </param>
            <param index="1">
              <value>
                <![CDATA[qwerty]]>
              </value>
            </param>
          </params>
          <reporter-output>
          </reporter-output>
        </test-method> <!-- test1 -->
      </class> <!-- utils.ExcelDataProvider -->
    </test> <!-- Default test -->
  </suite> <!-- Default suite -->
</testng-results>
